<?xml version="1.0" encoding="UTF-8"?>
<!-- Generated by org.testng.reporters.JUnitReportReporter -->
<testsuite hostname="LAPTOP-LAPFHODA" failures="0" tests="6" name="testCases.Tests" time="108.622" errors="0" timestamp="2023-10-29T00:51:56 CEST" skipped="0">
  <testcase classname="testCases.Tests" name="shouldSearchForOffer" time="16.877"/>
  <testcase classname="testCases.Tests" name="shouldSearchForOffer" time="16.729"/>
  <testcase classname="testCases.Tests" name="shouldSearchForOffer" time="11.497"/>
  <testcase classname="testCases.Tests" name="shouldPrintAmountOfQaOffers" time="17.696"/>
  <testcase classname="testCases.Tests" name="shouldPrintAmountOfQaOffers" time="24.162"/>
  <testcase classname="testCases.Tests" name="shouldPrintAmountOfQaOffers" time="21.661"/>
</testsuite> <!-- testCases.Tests -->
