<?xml version="1.0" encoding="UTF-8"?>
<!-- Generated by org.testng.reporters.JUnitReportReporter -->
<testsuite hostname="LAPTOP-LAPFHODA" failures="0" tests="3" name="testCases.Tests" time="71.115" errors="0" timestamp="2024-01-15T10:52:16 CET" skipped="0">
  <testcase classname="testCases.Tests" name="shouldSearchForOffer" time="20.002"/>
  <testcase classname="testCases.Tests" name="shouldSearchForOffer" time="25.578"/>
  <testcase classname="testCases.Tests" name="shouldPrintAmountOfQaOffers" time="25.535"/>
</testsuite> <!-- testCases.Tests -->
